{
  "RSpec": {
    "coverage": {
      "/Users/shendidy/Makers/week4/challenges/bookmarks/bookmarks_manager/spec/bookmark_spec.rb": [
        1,
        1,
        1,
        1,
        1,
        null,
        null,
        null,
        null
      ],
      "/Users/shendidy/Makers/week4/challenges/bookmarks/bookmarks_manager/spec/features/bookmarks_spec.rb": [
        1,
        null,
        1,
        1,
        1,
        null,
        1,
        null,
        null
      ],
      "/Users/shendidy/Makers/week4/challenges/bookmarks/bookmarks_manager/spec/features/index_spec.rb": [
        1,
        null,
        1,
        1,
        1,
        1,
        null,
        1,
        1,
        1,
        null,
        null
      ]
    },
    "timestamp": 1548769058
  }
}
